# JRE version: OpenJDK Runtime Environment (11.0.3+12) (build 11.0.3+12-b304.10)
# Java VM: OpenJDK 64-Bit Server VM (11.0.3+12-b304.10, mixed mode, sharing, tiered, compressed oops, g1 gc, windows-amd64)
Heap:
 garbage-first heap   total 157696K, used 10961K [0x0000000766400000, 0x0000000800000000)
  region size 1024K, 10 young (10240K), 2 survivors (2048K)
 Metaspace       used 10778K, capacity 11304K, committed 11520K, reserved 1058816K
  class space    used 1325K, capacity 1528K, committed 1536K, reserved 1048576K
GC Heap History (6 events):
Event: 3.553 GC heap before
{Heap before GC invocations=0 (full 0):
 garbage-first heap   total 157696K, used 6144K [0x0000000766400000, 0x0000000800000000)
  region size 1024K, 7 young (7168K), 0 survivors (0K)
 Metaspace       used 2781K, capacity 5417K, committed 5504K, reserved 1056768K
  class space    used 311K, capacity 571K, committed 640K, reserved 1048576K
}
Event: 3.578 GC heap after
{Heap after GC invocations=1 (full 0):
 garbage-first heap   total 157696K, used 2483K [0x0000000766400000, 0x0000000800000000)
  region size 1024K, 1 young (1024K), 1 survivors (1024K)
 Metaspace       used 2781K, capacity 5417K, committed 5504K, reserved 1056768K
  class space    used 311K, capacity 571K, committed 640K, reserved 1048576K
}
Event: 6.429 GC heap before
{Heap before GC invocations=1 (full 0):
 garbage-first heap   total 157696K, used 8627K [0x0000000766400000, 0x0000000800000000)
  region size 1024K, 7 young (7168K), 1 survivors (1024K)
 Metaspace       used 5537K, capacity 6450K, committed 6656K, reserved 1056768K
  class space    used 634K, capacity 724K, committed 768K, reserved 1048576K
}
Event: 6.440 GC heap after
{Heap after GC invocations=2 (full 0):
 garbage-first heap   total 157696K, used 3539K [0x0000000766400000, 0x0000000800000000)
  region size 1024K, 1 young (1024K), 1 survivors (1024K)
 Metaspace       used 5537K, capacity 6450K, committed 6656K, reserved 1056768K
  class space    used 634K, capacity 724K, committed 768K, reserved 1048576K
}
Event: 12.698 GC heap before
{Heap before GC invocations=2 (full 0):
 garbage-first heap   total 157696K, used 14803K [0x0000000766400000, 0x0000000800000000)
  region size 1024K, 13 young (13312K), 1 survivors (1024K)
 Metaspace       used 8946K, capacity 9371K, committed 9472K, reserved 1056768K
  class space    used 1077K, capacity 1239K, committed 1280K, reserved 1048576K
}
Event: 12.713 GC heap after
{Heap after GC invocations=3 (full 0):
 garbage-first heap   total 157696K, used 4817K [0x0000000766400000, 0x0000000800000000)
  region size 1024K, 2 young (2048K), 2 survivors (2048K)
 Metaspace       used 8946K, capacity 9371K, committed 9472K, reserved 1056768K
  class space    used 1077K, capacity 1239K, committed 1280K, reserved 1048576K
}

